# JRE version: OpenJDK Runtime Environment (21.0.3) (build 21.0.3+-12282718-b509.11)
# Java VM: OpenJDK 64-Bit Server VM (21.0.3+-12282718-b509.11, mixed mode, tiered, compressed oops, compressed class ptrs, g1 gc, windows-amd64)
GC Precious Log:
 CardTable entry size: 512
 Card Set container configuration: InlinePtr #cards 5 size 8 Array Of Cards #cards 12 size 40 Howl #buckets 4 coarsen threshold 1843 Howl Bitmap #cards 512 size 80 coarsen threshold 460 Card regions per heap region 1 cards per card region 2048
 CPUs: 4 total, 4 available
 Memory: 8074M
 Large Page Support: Disabled
 NUMA Support: Disabled
 Compressed Oops: Enabled (32-bit)
 Heap Region Size: 1M
 Heap Min Capacity: 8M
 Heap Initial Capacity: 128M
 Heap Max Capacity: 2G
 Pre-touch: Disabled
 Parallel Workers: 4
 Concurrent Workers: 1
 Concurrent Refinement Workers: 4
 Periodic GC: Disabled
Heap:
 garbage-first heap   total 244736K, used 139614K [0x0000000080000000, 0x0000000100000000)
  region size 1024K, 8 young (8192K), 8 survivors (8192K)
 Metaspace       used 133391K, committed 135616K, reserved 1179648K
  class space    used 18389K, committed 19520K, reserved 1048576K
GC Heap History (20 events):
Event: 20.891 GC heap after
{Heap after GC invocations=40 (full 0):
 garbage-first heap   total 211968K, used 112511K [0x0000000080000000, 0x0000000100000000)
  region size 1024K, 11 young (11264K), 11 survivors (11264K)
 Metaspace       used 112354K, committed 114496K, reserved 1179648K
  class space    used 15498K, committed 16576K, reserved 1048576K
}
Event: 22.356 GC heap before
{Heap before GC invocations=40 (full 0):
 garbage-first heap   total 211968K, used 188287K [0x0000000080000000, 0x0000000100000000)
  region size 1024K, 86 young (88064K), 11 survivors (11264K)
 Metaspace       used 113518K, committed 115712K, reserved 1179648K
  class space    used 15620K, committed 16768K, reserved 1048576K
}
Event: 22.373 GC heap after
{Heap after GC invocations=41 (full 0):
 garbage-first heap   total 211968K, used 118736K [0x0000000080000000, 0x0000000100000000)
  region size 1024K, 8 young (8192K), 8 survivors (8192K)
 Metaspace       used 113518K, committed 115712K, reserved 1179648K
  class space    used 15620K, committed 16768K, reserved 1048576K
}
Event: 23.621 GC heap before
{Heap before GC invocations=41 (full 0):
 garbage-first heap   total 211968K, used 191440K [0x0000000080000000, 0x0000000100000000)
  region size 1024K, 80 young (81920K), 8 survivors (8192K)
 Metaspace       used 119301K, committed 121536K, reserved 1179648K
  class space    used 16428K, committed 17536K, reserved 1048576K
}
Event: 23.634 GC heap after
{Heap after GC invocations=42 (full 0):
 garbage-first heap   total 211968K, used 123617K [0x0000000080000000, 0x0000000100000000)
  region size 1024K, 6 young (6144K), 6 survivors (6144K)
 Metaspace       used 119301K, committed 121536K, reserved 1179648K
  class space    used 16428K, committed 17536K, reserved 1048576K
}
Event: 24.331 GC heap before
{Heap before GC invocations=43 (full 0):
 garbage-first heap   total 230400K, used 192225K [0x0000000080000000, 0x0000000100000000)
  region size 1024K, 74 young (75776K), 6 survivors (6144K)
 Metaspace       used 123219K, committed 125440K, reserved 1179648K
  class space    used 16971K, committed 18112K, reserved 1048576K
}
Event: 24.344 GC heap after
{Heap after GC invocations=44 (full 0):
 garbage-first heap   total 230400K, used 131072K [0x0000000080000000, 0x0000000100000000)
  region size 1024K, 8 young (8192K), 8 survivors (8192K)
 Metaspace       used 123219K, committed 125440K, reserved 1179648K
  class space    used 16971K, committed 18112K, reserved 1048576K
}
Event: 24.939 GC heap before
{Heap before GC invocations=44 (full 0):
 garbage-first heap   total 230400K, used 207872K [0x0000000080000000, 0x0000000100000000)
  region size 1024K, 84 young (86016K), 8 survivors (8192K)
 Metaspace       used 128608K, committed 130816K, reserved 1179648K
  class space    used 17879K, committed 19008K, reserved 1048576K
}
Event: 24.958 GC heap after
{Heap after GC invocations=45 (full 0):
 garbage-first heap   total 230400K, used 136109K [0x0000000080000000, 0x0000000100000000)
  region size 1024K, 8 young (8192K), 8 survivors (8192K)
 Metaspace       used 128608K, committed 130816K, reserved 1179648K
  class space    used 17879K, committed 19008K, reserved 1048576K
}
Event: 25.641 GC heap before
{Heap before GC invocations=45 (full 0):
 garbage-first heap   total 230400K, used 208813K [0x0000000080000000, 0x0000000100000000)
  region size 1024K, 79 young (80896K), 8 survivors (8192K)
 Metaspace       used 131603K, committed 133824K, reserved 1179648K
  class space    used 18260K, committed 19392K, reserved 1048576K
}
Event: 25.656 GC heap after
{Heap after GC invocations=46 (full 0):
 garbage-first heap   total 230400K, used 137310K [0x0000000080000000, 0x0000000100000000)
  region size 1024K, 2 young (2048K), 2 survivors (2048K)
 Metaspace       used 131603K, committed 133824K, reserved 1179648K
  class space    used 18260K, committed 19392K, reserved 1048576K
}
Event: 26.885 GC heap before
{Heap before GC invocations=47 (full 0):
 garbage-first heap   total 244736K, used 213086K [0x0000000080000000, 0x0000000100000000)
  region size 1024K, 76 young (77824K), 2 survivors (2048K)
 Metaspace       used 132269K, committed 134464K, reserved 1179648K
  class space    used 18283K, committed 19392K, reserved 1048576K
}
Event: 26.890 GC heap after
{Heap after GC invocations=48 (full 0):
 garbage-first heap   total 244736K, used 137426K [0x0000000080000000, 0x0000000100000000)
  region size 1024K, 2 young (2048K), 2 survivors (2048K)
 Metaspace       used 132269K, committed 134464K, reserved 1179648K
  class space    used 18283K, committed 19392K, reserved 1048576K
}
Event: 27.607 GC heap before
{Heap before GC invocations=48 (full 0):
 garbage-first heap   total 244736K, used 228562K [0x0000000080000000, 0x0000000100000000)
  region size 1024K, 91 young (93184K), 2 survivors (2048K)
 Metaspace       used 132506K, committed 134720K, reserved 1179648K
  class space    used 18289K, committed 19392K, reserved 1048576K
}
Event: 27.617 GC heap after
{Heap after GC invocations=49 (full 0):
 garbage-first heap   total 244736K, used 137458K [0x0000000080000000, 0x0000000100000000)
  region size 1024K, 3 young (3072K), 3 survivors (3072K)
 Metaspace       used 132506K, committed 134720K, reserved 1179648K
  class space    used 18289K, committed 19392K, reserved 1048576K
}
Event: 28.503 GC heap before
{Heap before GC invocations=49 (full 0):
 garbage-first heap   total 244736K, used 226546K [0x0000000080000000, 0x0000000100000000)
  region size 1024K, 91 young (93184K), 3 survivors (3072K)
 Metaspace       used 133200K, committed 135424K, reserved 1179648K
  class space    used 18374K, committed 19520K, reserved 1048576K
}
Event: 28.510 GC heap after
{Heap after GC invocations=50 (full 0):
 garbage-first heap   total 244736K, used 137092K [0x0000000080000000, 0x0000000100000000)
  region size 1024K, 3 young (3072K), 3 survivors (3072K)
 Metaspace       used 133200K, committed 135424K, reserved 1179648K
  class space    used 18374K, committed 19520K, reserved 1048576K
}
Event: 29.461 GC heap before
{Heap before GC invocations=51 (full 0):
 garbage-first heap   total 244736K, used 227204K [0x0000000080000000, 0x0000000100000000)
  region size 1024K, 91 young (93184K), 3 survivors (3072K)
 Metaspace       used 133286K, committed 135488K, reserved 1179648K
  class space    used 18377K, committed 19520K, reserved 1048576K
}
Event: 29.469 GC heap after
{Heap after GC invocations=52 (full 0):
 garbage-first heap   total 244736K, used 137160K [0x0000000080000000, 0x0000000100000000)
  region size 1024K, 3 young (3072K), 3 survivors (3072K)
 Metaspace       used 133286K, committed 135488K, reserved 1179648K
  class space    used 18377K, committed 19520K, reserved 1048576K
}
Event: 29.820 GC heap before
{Heap before GC invocations=52 (full 0):
 garbage-first heap   total 244736K, used 227272K [0x0000000080000000, 0x0000000100000000)
  region size 1024K, 91 young (93184K), 3 survivors (3072K)
 Metaspace       used 133391K, committed 135616K, reserved 1179648K
  class space    used 18389K, committed 19520K, reserved 1048576K
}

