# JRE version: OpenJDK Runtime Environment (21.0.3) (build 21.0.3+-12282718-b509.11)
# Java VM: OpenJDK 64-Bit Server VM (21.0.3+-12282718-b509.11, mixed mode, tiered, compressed oops, compressed class ptrs, g1 gc, windows-amd64)
GC Precious Log:
 CardTable entry size: 512
 Card Set container configuration: InlinePtr #cards 5 size 8 Array Of Cards #cards 12 size 40 Howl #buckets 4 coarsen threshold 1843 Howl Bitmap #cards 512 size 80 coarsen threshold 460 Card regions per heap region 1 cards per card region 2048
 CPUs: 4 total, 4 available
 Memory: 8074M
 Large Page Support: Disabled
 NUMA Support: Disabled
 Compressed Oops: Enabled (32-bit)
 Heap Region Size: 1M
 Heap Min Capacity: 8M
 Heap Initial Capacity: 128M
 Heap Max Capacity: 2G
 Pre-touch: Disabled
 Parallel Workers: 4
 Concurrent Workers: 1
 Concurrent Refinement Workers: 4
 Periodic GC: Disabled
Heap:
 garbage-first heap   total 138240K, used 103021K [0x0000000080000000, 0x0000000100000000)
  region size 1024K, 22 young (22528K), 4 survivors (4096K)
 Metaspace       used 87852K, committed 89728K, reserved 1179648K
  class space    used 11945K, committed 12928K, reserved 1048576K
GC Heap History (20 events):
Event: 8.935 GC heap before
{Heap before GC invocations=17 (full 0):
 garbage-first heap   total 91136K, used 78867K [0x0000000080000000, 0x0000000100000000)
  region size 1024K, 43 young (44032K), 5 survivors (5120K)
 Metaspace       used 65622K, committed 67264K, reserved 1114112K
  class space    used 9040K, committed 9856K, reserved 1048576K
}
Event: 8.946 GC heap after
{Heap after GC invocations=18 (full 0):
 garbage-first heap   total 91136K, used 45308K [0x0000000080000000, 0x0000000100000000)
  region size 1024K, 6 young (6144K), 6 survivors (6144K)
 Metaspace       used 65622K, committed 67264K, reserved 1114112K
  class space    used 9040K, committed 9856K, reserved 1048576K
}
Event: 9.391 GC heap before
{Heap before GC invocations=18 (full 0):
 garbage-first heap   total 91136K, used 78076K [0x0000000080000000, 0x0000000100000000)
  region size 1024K, 39 young (39936K), 6 survivors (6144K)
 Metaspace       used 66103K, committed 67648K, reserved 1114112K
  class space    used 9069K, committed 9856K, reserved 1048576K
}
Event: 9.399 GC heap after
{Heap after GC invocations=19 (full 0):
 garbage-first heap   total 91136K, used 48128K [0x0000000080000000, 0x0000000100000000)
  region size 1024K, 4 young (4096K), 4 survivors (4096K)
 Metaspace       used 66103K, committed 67648K, reserved 1114112K
  class space    used 9069K, committed 9856K, reserved 1048576K
}
Event: 9.759 GC heap before
{Heap before GC invocations=19 (full 0):
 garbage-first heap   total 91136K, used 79872K [0x0000000080000000, 0x0000000100000000)
  region size 1024K, 36 young (36864K), 4 survivors (4096K)
 Metaspace       used 66214K, committed 67840K, reserved 1114112K
  class space    used 9069K, committed 9856K, reserved 1048576K
}
Event: 9.763 GC heap after
{Heap after GC invocations=20 (full 0):
 garbage-first heap   total 91136K, used 49202K [0x0000000080000000, 0x0000000100000000)
  region size 1024K, 3 young (3072K), 3 survivors (3072K)
 Metaspace       used 66214K, committed 67840K, reserved 1114112K
  class space    used 9069K, committed 9856K, reserved 1048576K
}
Event: 10.084 GC heap before
{Heap before GC invocations=21 (full 0):
 garbage-first heap   total 96256K, used 79922K [0x0000000080000000, 0x0000000100000000)
  region size 1024K, 34 young (34816K), 3 survivors (3072K)
 Metaspace       used 66221K, committed 67840K, reserved 1114112K
  class space    used 9070K, committed 9856K, reserved 1048576K
}
Event: 10.088 GC heap after
{Heap after GC invocations=22 (full 0):
 garbage-first heap   total 96256K, used 50069K [0x0000000080000000, 0x0000000100000000)
  region size 1024K, 4 young (4096K), 4 survivors (4096K)
 Metaspace       used 66221K, committed 67840K, reserved 1114112K
  class space    used 9070K, committed 9856K, reserved 1048576K
}
Event: 10.577 GC heap before
{Heap before GC invocations=22 (full 0):
 garbage-first heap   total 96256K, used 94101K [0x0000000080000000, 0x0000000100000000)
  region size 1024K, 35 young (35840K), 4 survivors (4096K)
 Metaspace       used 67441K, committed 69120K, reserved 1114112K
  class space    used 9267K, committed 10112K, reserved 1048576K
}
Event: 10.586 GC heap after
{Heap after GC invocations=23 (full 0):
 garbage-first heap   total 129024K, used 68528K [0x0000000080000000, 0x0000000100000000)
  region size 1024K, 5 young (5120K), 5 survivors (5120K)
 Metaspace       used 67441K, committed 69120K, reserved 1114112K
  class space    used 9267K, committed 10112K, reserved 1048576K
}
Event: 11.539 GC heap before
{Heap before GC invocations=23 (full 0):
 garbage-first heap   total 129024K, used 113584K [0x0000000080000000, 0x0000000100000000)
  region size 1024K, 49 young (50176K), 5 survivors (5120K)
 Metaspace       used 71507K, committed 73152K, reserved 1114112K
  class space    used 9734K, committed 10560K, reserved 1048576K
}
Event: 11.545 GC heap after
{Heap after GC invocations=24 (full 0):
 garbage-first heap   total 129024K, used 71886K [0x0000000080000000, 0x0000000100000000)
  region size 1024K, 2 young (2048K), 2 survivors (2048K)
 Metaspace       used 71507K, committed 73152K, reserved 1114112K
  class space    used 9734K, committed 10560K, reserved 1048576K
}
Event: 12.379 GC heap before
{Heap before GC invocations=25 (full 0):
 garbage-first heap   total 132096K, used 115918K [0x0000000080000000, 0x0000000100000000)
  region size 1024K, 44 young (45056K), 2 survivors (2048K)
 Metaspace       used 76734K, committed 78464K, reserved 1179648K
  class space    used 10453K, committed 11328K, reserved 1048576K
}
Event: 12.383 GC heap after
{Heap after GC invocations=26 (full 0):
 garbage-first heap   total 132096K, used 75536K [0x0000000080000000, 0x0000000100000000)
  region size 1024K, 5 young (5120K), 5 survivors (5120K)
 Metaspace       used 76734K, committed 78464K, reserved 1179648K
  class space    used 10453K, committed 11328K, reserved 1048576K
}
Event: 13.153 GC heap before
{Heap before GC invocations=26 (full 0):
 garbage-first heap   total 132096K, used 122640K [0x0000000080000000, 0x0000000100000000)
  region size 1024K, 47 young (48128K), 5 survivors (5120K)
 Metaspace       used 79280K, committed 81024K, reserved 1179648K
  class space    used 10793K, committed 11648K, reserved 1048576K
}
Event: 13.160 GC heap after
{Heap after GC invocations=27 (full 0):
 garbage-first heap   total 133120K, used 78188K [0x0000000080000000, 0x0000000100000000)
  region size 1024K, 6 young (6144K), 6 survivors (6144K)
 Metaspace       used 79280K, committed 81024K, reserved 1179648K
  class space    used 10793K, committed 11648K, reserved 1048576K
}
Event: 14.152 GC heap before
{Heap before GC invocations=27 (full 0):
 garbage-first heap   total 133120K, used 119148K [0x0000000080000000, 0x0000000100000000)
  region size 1024K, 46 young (47104K), 6 survivors (6144K)
 Metaspace       used 83615K, committed 85504K, reserved 1179648K
  class space    used 11353K, committed 12288K, reserved 1048576K
}
Event: 14.161 GC heap after
{Heap after GC invocations=28 (full 0):
 garbage-first heap   total 133120K, used 81088K [0x0000000080000000, 0x0000000100000000)
  region size 1024K, 3 young (3072K), 3 survivors (3072K)
 Metaspace       used 83615K, committed 85504K, reserved 1179648K
  class space    used 11353K, committed 12288K, reserved 1048576K
}
Event: 16.042 GC heap before
{Heap before GC invocations=29 (full 0):
 garbage-first heap   total 138240K, used 121024K [0x0000000080000000, 0x0000000100000000)
  region size 1024K, 42 young (43008K), 3 survivors (3072K)
 Metaspace       used 86743K, committed 88640K, reserved 1179648K
  class space    used 11762K, committed 12736K, reserved 1048576K
}
Event: 16.047 GC heap after
{Heap after GC invocations=30 (full 0):
 garbage-first heap   total 138240K, used 82541K [0x0000000080000000, 0x0000000100000000)
  region size 1024K, 4 young (4096K), 4 survivors (4096K)
 Metaspace       used 86743K, committed 88640K, reserved 1179648K
  class space    used 11762K, committed 12736K, reserved 1048576K
}

