# JRE version: OpenJDK Runtime Environment (21.0.3) (build 21.0.3+-12282718-b509.11)
# Java VM: OpenJDK 64-Bit Server VM (21.0.3+-12282718-b509.11, mixed mode, tiered, compressed oops, compressed class ptrs, g1 gc, windows-amd64)
GC Precious Log:
 CardTable entry size: 512
 Card Set container configuration: InlinePtr #cards 5 size 8 Array Of Cards #cards 12 size 40 Howl #buckets 4 coarsen threshold 1843 Howl Bitmap #cards 512 size 80 coarsen threshold 460 Card regions per heap region 1 cards per card region 2048
 CPUs: 4 total, 4 available
 Memory: 8074M
 Large Page Support: Disabled
 NUMA Support: Disabled
 Compressed Oops: Enabled (32-bit)
 Heap Region Size: 1M
 Heap Min Capacity: 8M
 Heap Initial Capacity: 128M
 Heap Max Capacity: 2G
 Pre-touch: Disabled
 Parallel Workers: 4
 Concurrent Workers: 1
 Concurrent Refinement Workers: 4
 Periodic GC: Disabled
Heap:
 garbage-first heap   total 284672K, used 199388K [0x0000000080000000, 0x0000000100000000)
  region size 1024K, 54 young (55296K), 15 survivors (15360K)
 Metaspace       used 156799K, committed 159232K, reserved 1245184K
  class space    used 21024K, committed 22272K, reserved 1048576K
GC Heap History (20 events):
Event: 431.607 GC heap before
{Heap before GC invocations=60 (full 0):
 garbage-first heap   total 249856K, used 226583K [0x0000000080000000, 0x0000000100000000)
  region size 1024K, 90 young (92160K), 2 survivors (2048K)
 Metaspace       used 122090K, committed 124416K, reserved 1179648K
  class space    used 16479K, committed 17664K, reserved 1048576K
}
Event: 431.630 GC heap after
{Heap after GC invocations=61 (full 0):
 garbage-first heap   total 249856K, used 146853K [0x0000000080000000, 0x0000000100000000)
  region size 1024K, 12 young (12288K), 12 survivors (12288K)
 Metaspace       used 122090K, committed 124416K, reserved 1179648K
  class space    used 16479K, committed 17664K, reserved 1048576K
}
Event: 441.383 GC heap before
{Heap before GC invocations=62 (full 0):
 garbage-first heap   total 249856K, used 221605K [0x0000000080000000, 0x0000000100000000)
  region size 1024K, 87 young (89088K), 12 survivors (12288K)
 Metaspace       used 129867K, committed 132224K, reserved 1179648K
  class space    used 17600K, committed 18816K, reserved 1048576K
}
Event: 441.405 GC heap after
{Heap after GC invocations=63 (full 0):
 garbage-first heap   total 249856K, used 148903K [0x0000000080000000, 0x0000000100000000)
  region size 1024K, 4 young (4096K), 4 survivors (4096K)
 Metaspace       used 129867K, committed 132224K, reserved 1179648K
  class space    used 17600K, committed 18816K, reserved 1048576K
}
Event: 442.926 GC heap before
{Heap before GC invocations=63 (full 0):
 garbage-first heap   total 249856K, used 228775K [0x0000000080000000, 0x0000000100000000)
  region size 1024K, 83 young (84992K), 4 survivors (4096K)
 Metaspace       used 138343K, committed 140736K, reserved 1179648K
  class space    used 18880K, committed 20096K, reserved 1048576K
}
Event: 442.937 GC heap after
{Heap after GC invocations=64 (full 0):
 garbage-first heap   total 249856K, used 139779K [0x0000000080000000, 0x0000000100000000)
  region size 1024K, 6 young (6144K), 6 survivors (6144K)
 Metaspace       used 138343K, committed 140736K, reserved 1179648K
  class space    used 18880K, committed 20096K, reserved 1048576K
}
Event: 444.140 GC heap before
{Heap before GC invocations=64 (full 0):
 garbage-first heap   total 249856K, used 181763K [0x0000000080000000, 0x0000000100000000)
  region size 1024K, 49 young (50176K), 6 survivors (6144K)
 Metaspace       used 141923K, committed 144256K, reserved 1179648K
  class space    used 19427K, committed 20608K, reserved 1048576K
}
Event: 444.150 GC heap after
{Heap after GC invocations=65 (full 0):
 garbage-first heap   total 249856K, used 141128K [0x0000000080000000, 0x0000000100000000)
  region size 1024K, 7 young (7168K), 7 survivors (7168K)
 Metaspace       used 141923K, committed 144256K, reserved 1179648K
  class space    used 19427K, committed 20608K, reserved 1048576K
}
Event: 488.108 GC heap before
{Heap before GC invocations=66 (full 0):
 garbage-first heap   total 275456K, used 243528K [0x0000000080000000, 0x0000000100000000)
  region size 1024K, 92 young (94208K), 7 survivors (7168K)
 Metaspace       used 142241K, committed 144640K, reserved 1179648K
  class space    used 19462K, committed 20672K, reserved 1048576K
}
Event: 488.130 GC heap after
{Heap after GC invocations=67 (full 0):
 garbage-first heap   total 275456K, used 148801K [0x0000000080000000, 0x0000000100000000)
  region size 1024K, 12 young (12288K), 12 survivors (12288K)
 Metaspace       used 142241K, committed 144640K, reserved 1179648K
  class space    used 19462K, committed 20672K, reserved 1048576K
}
Event: 657.707 GC heap before
{Heap before GC invocations=67 (full 0):
 garbage-first heap   total 275456K, used 264513K [0x0000000080000000, 0x0000000100000000)
  region size 1024K, 109 young (111616K), 12 survivors (12288K)
 Metaspace       used 142730K, committed 145152K, reserved 1179648K
  class space    used 19464K, committed 20672K, reserved 1048576K
}
Event: 657.747 GC heap after
{Heap after GC invocations=68 (full 0):
 garbage-first heap   total 284672K, used 145797K [0x0000000080000000, 0x0000000100000000)
  region size 1024K, 5 young (5120K), 5 survivors (5120K)
 Metaspace       used 142730K, committed 145152K, reserved 1179648K
  class space    used 19464K, committed 20672K, reserved 1048576K
}
Event: 659.226 GC heap before
{Heap before GC invocations=68 (full 0):
 garbage-first heap   total 284672K, used 251269K [0x0000000080000000, 0x0000000100000000)
  region size 1024K, 109 young (111616K), 5 survivors (5120K)
 Metaspace       used 145362K, committed 147776K, reserved 1179648K
  class space    used 19775K, committed 20992K, reserved 1048576K
}
Event: 659.249 GC heap after
{Heap after GC invocations=69 (full 0):
 garbage-first heap   total 284672K, used 157696K [0x0000000080000000, 0x0000000100000000)
  region size 1024K, 14 young (14336K), 14 survivors (14336K)
 Metaspace       used 145362K, committed 147776K, reserved 1179648K
  class space    used 19775K, committed 20992K, reserved 1048576K
}
Event: 664.138 GC heap before
{Heap before GC invocations=70 (full 0):
 garbage-first heap   total 284672K, used 252928K [0x0000000080000000, 0x0000000100000000)
  region size 1024K, 109 young (111616K), 14 survivors (14336K)
 Metaspace       used 152381K, committed 154752K, reserved 1245184K
  class space    used 20603K, committed 21824K, reserved 1048576K
}
Event: 664.220 GC heap after
{Heap after GC invocations=71 (full 0):
 garbage-first heap   total 284672K, used 160256K [0x0000000080000000, 0x0000000100000000)
  region size 1024K, 7 young (7168K), 7 survivors (7168K)
 Metaspace       used 152381K, committed 154752K, reserved 1245184K
  class space    used 20603K, committed 21824K, reserved 1048576K
}
Event: 666.425 GC heap before
{Heap before GC invocations=71 (full 0):
 garbage-first heap   total 284672K, used 257536K [0x0000000080000000, 0x0000000100000000)
  region size 1024K, 103 young (105472K), 7 survivors (7168K)
 Metaspace       used 155737K, committed 158144K, reserved 1245184K
  class space    used 20951K, committed 22208K, reserved 1048576K
}
Event: 666.452 GC heap after
{Heap after GC invocations=72 (full 0):
 garbage-first heap   total 284672K, used 150900K [0x0000000080000000, 0x0000000100000000)
  region size 1024K, 7 young (7168K), 7 survivors (7168K)
 Metaspace       used 155737K, committed 158144K, reserved 1245184K
  class space    used 20951K, committed 22208K, reserved 1048576K
}
Event: 667.475 GC heap before
{Heap before GC invocations=72 (full 0):
 garbage-first heap   total 284672K, used 259444K [0x0000000080000000, 0x0000000100000000)
  region size 1024K, 114 young (116736K), 7 survivors (7168K)
 Metaspace       used 156371K, committed 158848K, reserved 1245184K
  class space    used 20999K, committed 22272K, reserved 1048576K
}
Event: 667.505 GC heap after
{Heap after GC invocations=73 (full 0):
 garbage-first heap   total 284672K, used 160476K [0x0000000080000000, 0x0000000100000000)
  region size 1024K, 15 young (15360K), 15 survivors (15360K)
 Metaspace       used 156371K, committed 158848K, reserved 1245184K
  class space    used 20999K, committed 22272K, reserved 1048576K
}

